<?xml version="1.0" encoding="UTF-8"?>
<!-- Generated by org.testng.reporters.JUnitReportReporter -->
<testsuite skipped="0" hostname="DESKTOP-5P3NRET" name="com.ss.demo.DemoTest" tests="1" failures="0" timestamp="03 Jul 2021 13:00:23 GMT" time="28.842" errors="0">
  <testcase name="runDEmo" time="28.842" classname="com.ss.demo.DemoTest"/>
</testsuite> <!-- com.ss.demo.DemoTest -->
